E, [2017-12-29T12:05:29.308265 #12537] ERROR -- Kitchen: ------Exception-------
E, [2017-12-29T12:05:29.308402 #12537] ERROR -- Kitchen: Class: Kitchen::UserError
E, [2017-12-29T12:05:29.308425 #12537] ERROR -- Kitchen: Message: Kitchen YAML file /Users/aro40/Sites/chef-sandbox/.kitchen.yml does not exist.
E, [2017-12-29T12:05:29.308441 #12537] ERROR -- Kitchen: ----------------------
E, [2017-12-29T12:05:29.308455 #12537] ERROR -- Kitchen: ------Backtrace-------
E, [2017-12-29T12:05:29.308468 #12537] ERROR -- Kitchen: /opt/chefdk/embedded/lib/ruby/gems/2.4.0/gems/test-kitchen-1.19.2/lib/kitchen/loader/yaml.rb:65:in `read'
E, [2017-12-29T12:05:29.308483 #12537] ERROR -- Kitchen: /opt/chefdk/embedded/lib/ruby/gems/2.4.0/gems/test-kitchen-1.19.2/lib/kitchen/config.rb:152:in `data'
E, [2017-12-29T12:05:29.308494 #12537] ERROR -- Kitchen: /opt/chefdk/embedded/lib/ruby/gems/2.4.0/gems/test-kitchen-1.19.2/lib/kitchen/config.rb:131:in `suites'
E, [2017-12-29T12:05:29.308508 #12537] ERROR -- Kitchen: /opt/chefdk/embedded/lib/ruby/gems/2.4.0/gems/test-kitchen-1.19.2/lib/kitchen/config.rb:182:in `filter_instances'
E, [2017-12-29T12:05:29.308522 #12537] ERROR -- Kitchen: /opt/chefdk/embedded/lib/ruby/gems/2.4.0/gems/test-kitchen-1.19.2/lib/kitchen/config.rb:141:in `build_instances'
E, [2017-12-29T12:05:29.308533 #12537] ERROR -- Kitchen: /opt/chefdk/embedded/lib/ruby/gems/2.4.0/gems/test-kitchen-1.19.2/lib/kitchen/config.rb:117:in `instances'
E, [2017-12-29T12:05:29.308547 #12537] ERROR -- Kitchen: /opt/chefdk/embedded/lib/ruby/gems/2.4.0/gems/test-kitchen-1.19.2/lib/kitchen/command.rb:112:in `filtered_instances'
E, [2017-12-29T12:05:29.308560 #12537] ERROR -- Kitchen: /opt/chefdk/embedded/lib/ruby/gems/2.4.0/gems/test-kitchen-1.19.2/lib/kitchen/command.rb:142:in `parse_subcommand'
E, [2017-12-29T12:05:29.308573 #12537] ERROR -- Kitchen: /opt/chefdk/embedded/lib/ruby/gems/2.4.0/gems/test-kitchen-1.19.2/lib/kitchen/command/list.rb:30:in `call'
E, [2017-12-29T12:05:29.308587 #12537] ERROR -- Kitchen: /opt/chefdk/embedded/lib/ruby/gems/2.4.0/gems/test-kitchen-1.19.2/lib/kitchen/cli.rb:52:in `perform'
E, [2017-12-29T12:05:29.308600 #12537] ERROR -- Kitchen: /opt/chefdk/embedded/lib/ruby/gems/2.4.0/gems/test-kitchen-1.19.2/lib/kitchen/cli.rb:120:in `list'
E, [2017-12-29T12:05:29.308613 #12537] ERROR -- Kitchen: /opt/chefdk/embedded/lib/ruby/gems/2.4.0/gems/thor-0.19.1/lib/thor/command.rb:27:in `run'
E, [2017-12-29T12:05:29.308627 #12537] ERROR -- Kitchen: /opt/chefdk/embedded/lib/ruby/gems/2.4.0/gems/thor-0.19.1/lib/thor/invocation.rb:126:in `invoke_command'
E, [2017-12-29T12:05:29.308639 #12537] ERROR -- Kitchen: /opt/chefdk/embedded/lib/ruby/gems/2.4.0/gems/thor-0.19.1/lib/thor.rb:359:in `dispatch'
E, [2017-12-29T12:05:29.308651 #12537] ERROR -- Kitchen: /opt/chefdk/embedded/lib/ruby/gems/2.4.0/gems/thor-0.19.1/lib/thor/base.rb:440:in `start'
E, [2017-12-29T12:05:29.308663 #12537] ERROR -- Kitchen: /opt/chefdk/embedded/lib/ruby/gems/2.4.0/gems/test-kitchen-1.19.2/bin/kitchen:13:in `block in <top (required)>'
E, [2017-12-29T12:05:29.308677 #12537] ERROR -- Kitchen: /opt/chefdk/embedded/lib/ruby/gems/2.4.0/gems/test-kitchen-1.19.2/lib/kitchen/errors.rb:171:in `with_friendly_errors'
E, [2017-12-29T12:05:29.308690 #12537] ERROR -- Kitchen: /opt/chefdk/embedded/lib/ruby/gems/2.4.0/gems/test-kitchen-1.19.2/bin/kitchen:13:in `<top (required)>'
E, [2017-12-29T12:05:29.309448 #12537] ERROR -- Kitchen: /usr/local/bin/kitchen:255:in `load'
E, [2017-12-29T12:05:29.309470 #12537] ERROR -- Kitchen: /usr/local/bin/kitchen:255:in `<main>'
E, [2017-12-29T12:05:29.309484 #12537] ERROR -- Kitchen: ----End Backtrace-----
